INFO 2025/06/18 12:47:06 : Created directory: /home/alveslab/motion_thermal/thermal_data/new_2025_06_18  
SAVE 2025/06/18 12:47:06 : RGB image saved: /home/alveslab/motion_thermal/thermal_data/new_2025_06_18/RGB/rgb_20250618_124706.jpg  
INFO 2025/06/18 12:47:06 : Motion detected — launching thermal capture script  
SAVE 2025/06/18 12:47:07 : RGB image saved: /home/alveslab/motion_thermal/thermal_data/new_2025_06_18/RGB/rgb_20250618_124707.jpg  
INFO 2025/06/18 12:47:07 : Created directory: /home/alveslab/motion_thermal/thermal_data/new_2025_06_18  
SAVE 2025/06/18 12:47:07 : RGB image saved: /home/alveslab/motion_thermal/thermal_data/new_2025_06_18/RGB/rgb_20250618_124707.jpg  
INFO 2025/06/18 12:47:07 : Thermal camera started  
SAVE 2025/06/18 12:47:07 : RGB image saved: /home/alveslab/motion_thermal/thermal_data/new_2025_06_18/RGB/rgb_20250618_124707.jpg  
SAVE 2025/06/18 12:47:08 : RGB image saved: /home/alveslab/motion_thermal/thermal_data/new_2025_06_18/RGB/rgb_20250618_124708.jpg  
SAVE 2025/06/18 12:47:08 : RGB image saved: /home/alveslab/motion_thermal/thermal_data/new_2025_06_18/RGB/rgb_20250618_124708.jpg  
SAVE 2025/06/18 12:47:08 : RGB image saved: /home/alveslab/motion_thermal/thermal_data/new_2025_06_18/RGB/rgb_20250618_124708.jpg  
SAVE 2025/06/18 12:47:09 : RGB image saved: /home/alveslab/motion_thermal/thermal_data/new_2025_06_18/RGB/rgb_20250618_124709.jpg  
INFO 2025/06/18 12:47:09 : Max temp at image center: 24.74°C  
SAVE 2025/06/18 12:47:09 : RGB image saved: /home/alveslab/motion_thermal/thermal_data/new_2025_06_18/RGB/rgb_20250618_124709.jpg  
SAVE 2025/06/18 12:47:09 : RGB image saved: /home/alveslab/motion_thermal/thermal_data/new_2025_06_18/RGB/rgb_20250618_124709.jpg  
SAVE 2025/06/18 12:47:10 : RGB image saved: /home/alveslab/motion_thermal/thermal_data/new_2025_06_18/RGB/rgb_20250618_124709.jpg  
INFO 2025/06/18 12:47:10 : Max temp at image center: 24.65°C  
SAVE 2025/06/18 12:47:10 : RGB image saved: /home/alveslab/motion_thermal/thermal_data/new_2025_06_18/RGB/rgb_20250618_124710.jpg  
SAVE 2025/06/18 12:47:10 : RGB image saved: /home/alveslab/motion_thermal/thermal_data/new_2025_06_18/RGB/rgb_20250618_124710.jpg  
SAVE 2025/06/18 12:47:11 : RGB image saved: /home/alveslab/motion_thermal/thermal_data/new_2025_06_18/RGB/rgb_20250618_124710.jpg  
INFO 2025/06/18 12:47:11 : Max temp at image center: 24.58°C  
SAVE 2025/06/18 12:47:11 : RGB image saved: /home/alveslab/motion_thermal/thermal_data/new_2025_06_18/RGB/rgb_20250618_124711.jpg  
SAVE 2025/06/18 12:47:11 : RGB image saved: /home/alveslab/motion_thermal/thermal_data/new_2025_06_18/RGB/rgb_20250618_124711.jpg  
SAVE 2025/06/18 12:47:11 : RGB image saved: /home/alveslab/motion_thermal/thermal_data/new_2025_06_18/RGB/rgb_20250618_124711.jpg  
INFO 2025/06/18 12:47:12 : Max temp at image center: 24.59°C  
SAVE 2025/06/18 12:47:12 : RGB image saved: /home/alveslab/motion_thermal/thermal_data/new_2025_06_18/RGB/rgb_20250618_124712.jpg  
SAVE 2025/06/18 12:47:12 : RGB image saved: /home/alveslab/motion_thermal/thermal_data/new_2025_06_18/RGB/rgb_20250618_124712.jpg  
SAVE 2025/06/18 12:47:12 : RGB image saved: /home/alveslab/motion_thermal/thermal_data/new_2025_06_18/RGB/rgb_20250618_124712.jpg  
INFO 2025/06/18 12:47:13 : Max temp at image center: 24.69°C  
SAVE 2025/06/18 12:47:13 : RGB image saved: /home/alveslab/motion_thermal/thermal_data/new_2025_06_18/RGB/rgb_20250618_124713.jpg  
SAVE 2025/06/18 12:47:13 : RGB image saved: /home/alveslab/motion_thermal/thermal_data/new_2025_06_18/RGB/rgb_20250618_124713.jpg  
SAVE 2025/06/18 12:47:13 : RGB image saved: /home/alveslab/motion_thermal/thermal_data/new_2025_06_18/RGB/rgb_20250618_124713.jpg  
INFO 2025/06/18 12:47:14 : Max temp at image center: 24.64°C  
SAVE 2025/06/18 12:47:14 : RGB image saved: /home/alveslab/motion_thermal/thermal_data/new_2025_06_18/RGB/rgb_20250618_124714.jpg  
SAVE 2025/06/18 12:47:14 : RGB image saved: /home/alveslab/motion_thermal/thermal_data/new_2025_06_18/RGB/rgb_20250618_124714.jpg  
SAVE 2025/06/18 12:47:14 : RGB image saved: /home/alveslab/motion_thermal/thermal_data/new_2025_06_18/RGB/rgb_20250618_124714.jpg  
INFO 2025/06/18 12:47:15 : Max temp at image center: 24.55°C  
SAVE 2025/06/18 12:47:15 : RGB image saved: /home/alveslab/motion_thermal/thermal_data/new_2025_06_18/RGB/rgb_20250618_124715.jpg  
SAVE 2025/06/18 12:47:15 : RGB image saved: /home/alveslab/motion_thermal/thermal_data/new_2025_06_18/RGB/rgb_20250618_124715.jpg  
SAVE 2025/06/18 12:47:15 : RGB image saved: /home/alveslab/motion_thermal/thermal_data/new_2025_06_18/RGB/rgb_20250618_124715.jpg  
SAVE 2025/06/18 12:47:16 : RGB image saved: /home/alveslab/motion_thermal/thermal_data/new_2025_06_18/RGB/rgb_20250618_124716.jpg  
INFO 2025/06/18 12:47:16 : Max temp at image center: 24.51°C  
SAVE 2025/06/18 12:47:16 : RGB image saved: /home/alveslab/motion_thermal/thermal_data/new_2025_06_18/RGB/rgb_20250618_124716.jpg  
SAVE 2025/06/18 12:47:16 : RGB image saved: /home/alveslab/motion_thermal/thermal_data/new_2025_06_18/RGB/rgb_20250618_124716.jpg  
SAVE 2025/06/18 12:47:17 : RGB image saved: /home/alveslab/motion_thermal/thermal_data/new_2025_06_18/RGB/rgb_20250618_124717.jpg  
INFO 2025/06/18 12:47:17 : Max temp at image center: 24.45°C  
SAVE 2025/06/18 12:47:17 : RGB image saved: /home/alveslab/motion_thermal/thermal_data/new_2025_06_18/RGB/rgb_20250618_124717.jpg  
SAVE 2025/06/18 12:47:17 : RGB image saved: /home/alveslab/motion_thermal/thermal_data/new_2025_06_18/RGB/rgb_20250618_124717.jpg  
SAVE 2025/06/18 12:47:18 : RGB image saved: /home/alveslab/motion_thermal/thermal_data/new_2025_06_18/RGB/rgb_20250618_124718.jpg  
INFO 2025/06/18 12:47:18 : Thermal cycle completed.  
SAVE 2025/06/18 12:47:28 : RGB image saved: /home/alveslab/motion_thermal/thermal_data/new_2025_06_18/RGB/rgb_20250618_124728.jpg  
INFO 2025/06/18 12:47:28 : Motion detected — launching thermal capture script  
SAVE 2025/06/18 12:47:29 : RGB image saved: /home/alveslab/motion_thermal/thermal_data/new_2025_06_18/RGB/rgb_20250618_124729.jpg  
SAVE 2025/06/18 12:47:29 : RGB image saved: /home/alveslab/motion_thermal/thermal_data/new_2025_06_18/RGB/rgb_20250618_124729.jpg  
INFO 2025/06/18 12:47:29 : Created directory: /home/alveslab/motion_thermal/thermal_data/new_2025_06_18  
INFO 2025/06/18 12:47:29 : Thermal camera started  
SAVE 2025/06/18 12:47:29 : RGB image saved: /home/alveslab/motion_thermal/thermal_data/new_2025_06_18/RGB/rgb_20250618_124729.jpg  
SAVE 2025/06/18 12:47:30 : RGB image saved: /home/alveslab/motion_thermal/thermal_data/new_2025_06_18/RGB/rgb_20250618_124730.jpg  
SAVE 2025/06/18 12:47:30 : RGB image saved: /home/alveslab/motion_thermal/thermal_data/new_2025_06_18/RGB/rgb_20250618_124730.jpg  
INFO 2025/06/18 12:47:30 : Max temp at image center: 24.61°C  
SAVE 2025/06/18 12:47:31 : RGB image saved: /home/alveslab/motion_thermal/thermal_data/new_2025_06_18/RGB/rgb_20250618_124730.jpg  
SAVE 2025/06/18 12:47:31 : RGB image saved: /home/alveslab/motion_thermal/thermal_data/new_2025_06_18/RGB/rgb_20250618_124731.jpg  
SAVE 2025/06/18 12:47:31 : RGB image saved: /home/alveslab/motion_thermal/thermal_data/new_2025_06_18/RGB/rgb_20250618_124731.jpg  
INFO 2025/06/18 12:47:31 : Max temp at image center: 24.58°C  
SAVE 2025/06/18 12:47:31 : RGB image saved: /home/alveslab/motion_thermal/thermal_data/new_2025_06_18/RGB/rgb_20250618_124731.jpg  
SAVE 2025/06/18 12:47:32 : RGB image saved: /home/alveslab/motion_thermal/thermal_data/new_2025_06_18/RGB/rgb_20250618_124732.jpg  
SAVE 2025/06/18 12:47:32 : RGB image saved: /home/alveslab/motion_thermal/thermal_data/new_2025_06_18/RGB/rgb_20250618_124732.jpg  
INFO 2025/06/18 12:47:32 : Max temp at image center: 24.31°C  
SAVE 2025/06/18 12:47:32 : RGB image saved: /home/alveslab/motion_thermal/thermal_data/new_2025_06_18/RGB/rgb_20250618_124732.jpg  
SAVE 2025/06/18 12:47:33 : RGB image saved: /home/alveslab/motion_thermal/thermal_data/new_2025_06_18/RGB/rgb_20250618_124733.jpg  
SAVE 2025/06/18 12:47:33 : RGB image saved: /home/alveslab/motion_thermal/thermal_data/new_2025_06_18/RGB/rgb_20250618_124733.jpg  
INFO 2025/06/18 12:47:33 : Max temp at image center: 24.32°C  
SAVE 2025/06/18 12:47:33 : RGB image saved: /home/alveslab/motion_thermal/thermal_data/new_2025_06_18/RGB/rgb_20250618_124733.jpg  
SAVE 2025/06/18 12:47:34 : RGB image saved: /home/alveslab/motion_thermal/thermal_data/new_2025_06_18/RGB/rgb_20250618_124734.jpg  
SAVE 2025/06/18 12:47:34 : RGB image saved: /home/alveslab/motion_thermal/thermal_data/new_2025_06_18/RGB/rgb_20250618_124734.jpg  
INFO 2025/06/18 12:47:34 : Max temp at image center: 24.27°C  
SAVE 2025/06/18 12:47:34 : RGB image saved: /home/alveslab/motion_thermal/thermal_data/new_2025_06_18/RGB/rgb_20250618_124734.jpg  
SAVE 2025/06/18 12:47:35 : RGB image saved: /home/alveslab/motion_thermal/thermal_data/new_2025_06_18/RGB/rgb_20250618_124735.jpg  
SAVE 2025/06/18 12:47:35 : RGB image saved: /home/alveslab/motion_thermal/thermal_data/new_2025_06_18/RGB/rgb_20250618_124735.jpg  
SAVE 2025/06/18 12:47:35 : RGB image saved: /home/alveslab/motion_thermal/thermal_data/new_2025_06_18/RGB/rgb_20250618_124735.jpg  
INFO 2025/06/18 12:47:36 : Max temp at image center: 24.17°C  
SAVE 2025/06/18 12:47:36 : RGB image saved: /home/alveslab/motion_thermal/thermal_data/new_2025_06_18/RGB/rgb_20250618_124736.jpg  
SAVE 2025/06/18 12:47:36 : RGB image saved: /home/alveslab/motion_thermal/thermal_data/new_2025_06_18/RGB/rgb_20250618_124736.jpg  
SAVE 2025/06/18 12:47:36 : RGB image saved: /home/alveslab/motion_thermal/thermal_data/new_2025_06_18/RGB/rgb_20250618_124736.jpg  
INFO 2025/06/18 12:47:37 : Max temp at image center: 24.25°C  
SAVE 2025/06/18 12:47:37 : RGB image saved: /home/alveslab/motion_thermal/thermal_data/new_2025_06_18/RGB/rgb_20250618_124737.jpg  
SAVE 2025/06/18 12:47:37 : RGB image saved: /home/alveslab/motion_thermal/thermal_data/new_2025_06_18/RGB/rgb_20250618_124737.jpg  
SAVE 2025/06/18 12:47:37 : RGB image saved: /home/alveslab/motion_thermal/thermal_data/new_2025_06_18/RGB/rgb_20250618_124737.jpg  
INFO 2025/06/18 12:47:38 : Max temp at image center: 24.23°C  
SAVE 2025/06/18 12:47:38 : RGB image saved: /home/alveslab/motion_thermal/thermal_data/new_2025_06_18/RGB/rgb_20250618_124738.jpg  
SAVE 2025/06/18 12:47:38 : RGB image saved: /home/alveslab/motion_thermal/thermal_data/new_2025_06_18/RGB/rgb_20250618_124738.jpg  
SAVE 2025/06/18 12:47:38 : RGB image saved: /home/alveslab/motion_thermal/thermal_data/new_2025_06_18/RGB/rgb_20250618_124738.jpg  
INFO 2025/06/18 12:47:39 : Max temp at image center: 24.24°C  
SAVE 2025/06/18 12:47:39 : RGB image saved: /home/alveslab/motion_thermal/thermal_data/new_2025_06_18/RGB/rgb_20250618_124739.jpg  
SAVE 2025/06/18 12:47:39 : RGB image saved: /home/alveslab/motion_thermal/thermal_data/new_2025_06_18/RGB/rgb_20250618_124739.jpg  
SAVE 2025/06/18 12:47:39 : RGB image saved: /home/alveslab/motion_thermal/thermal_data/new_2025_06_18/RGB/rgb_20250618_124739.jpg  
INFO 2025/06/18 12:47:40 : Thermal cycle completed.  
SAVE 2025/06/18 12:47:40 : RGB image saved: /home/alveslab/motion_thermal/thermal_data/new_2025_06_18/RGB/rgb_20250618_124740.jpg  
INFO 2025/06/18 12:47:40 : Motion detected — launching thermal capture script  
SAVE 2025/06/18 12:47:40 : RGB image saved: /home/alveslab/motion_thermal/thermal_data/new_2025_06_18/RGB/rgb_20250618_124740.jpg  
SAVE 2025/06/18 12:47:41 : RGB image saved: /home/alveslab/motion_thermal/thermal_data/new_2025_06_18/RGB/rgb_20250618_124741.jpg  
SAVE 2025/06/18 12:47:41 : RGB image saved: /home/alveslab/motion_thermal/thermal_data/new_2025_06_18/RGB/rgb_20250618_124741.jpg  
INFO 2025/06/18 12:47:41 : Created directory: /home/alveslab/motion_thermal/thermal_data/new_2025_06_18  
INFO 2025/06/18 12:47:41 : Thermal camera started  
SAVE 2025/06/18 12:47:41 : RGB image saved: /home/alveslab/motion_thermal/thermal_data/new_2025_06_18/RGB/rgb_20250618_124741.jpg  
SAVE 2025/06/18 12:47:42 : RGB image saved: /home/alveslab/motion_thermal/thermal_data/new_2025_06_18/RGB/rgb_20250618_124742.jpg  
INFO 2025/06/18 12:47:42 : Max temp at image center: 24.28°C  
SAVE 2025/06/18 12:47:42 : RGB image saved: /home/alveslab/motion_thermal/thermal_data/new_2025_06_18/RGB/rgb_20250618_124742.jpg  
SAVE 2025/06/18 12:47:42 : RGB image saved: /home/alveslab/motion_thermal/thermal_data/new_2025_06_18/RGB/rgb_20250618_124742.jpg  
SAVE 2025/06/18 12:47:43 : RGB image saved: /home/alveslab/motion_thermal/thermal_data/new_2025_06_18/RGB/rgb_20250618_124743.jpg  
INFO 2025/06/18 12:47:43 : Max temp at image center: 24.28°C  
SAVE 2025/06/18 12:47:43 : RGB image saved: /home/alveslab/motion_thermal/thermal_data/new_2025_06_18/RGB/rgb_20250618_124743.jpg  
SAVE 2025/06/18 12:47:43 : RGB image saved: /home/alveslab/motion_thermal/thermal_data/new_2025_06_18/RGB/rgb_20250618_124743.jpg  
SAVE 2025/06/18 12:47:44 : RGB image saved: /home/alveslab/motion_thermal/thermal_data/new_2025_06_18/RGB/rgb_20250618_124744.jpg  
INFO 2025/06/18 12:47:44 : Max temp at image center: 24.28°C  
SAVE 2025/06/18 12:47:44 : RGB image saved: /home/alveslab/motion_thermal/thermal_data/new_2025_06_18/RGB/rgb_20250618_124744.jpg  
SAVE 2025/06/18 12:47:44 : RGB image saved: /home/alveslab/motion_thermal/thermal_data/new_2025_06_18/RGB/rgb_20250618_124744.jpg  
SAVE 2025/06/18 12:47:45 : RGB image saved: /home/alveslab/motion_thermal/thermal_data/new_2025_06_18/RGB/rgb_20250618_124745.jpg  
INFO 2025/06/18 12:47:45 : Max temp at image center: 24.28°C  
SAVE 2025/06/18 12:47:45 : RGB image saved: /home/alveslab/motion_thermal/thermal_data/new_2025_06_18/RGB/rgb_20250618_124745.jpg  
SAVE 2025/06/18 12:47:45 : RGB image saved: /home/alveslab/motion_thermal/thermal_data/new_2025_06_18/RGB/rgb_20250618_124745.jpg  
SAVE 2025/06/18 12:47:46 : RGB image saved: /home/alveslab/motion_thermal/thermal_data/new_2025_06_18/RGB/rgb_20250618_124746.jpg  
INFO 2025/06/18 12:47:46 : Max temp at image center: 24.27°C  
SAVE 2025/06/18 12:47:46 : RGB image saved: /home/alveslab/motion_thermal/thermal_data/new_2025_06_18/RGB/rgb_20250618_124746.jpg  
SAVE 2025/06/18 12:47:46 : RGB image saved: /home/alveslab/motion_thermal/thermal_data/new_2025_06_18/RGB/rgb_20250618_124746.jpg  
SAVE 2025/06/18 12:47:47 : RGB image saved: /home/alveslab/motion_thermal/thermal_data/new_2025_06_18/RGB/rgb_20250618_124747.jpg  
INFO 2025/06/18 12:47:47 : Max temp at image center: 24.23°C  
SAVE 2025/06/18 12:47:47 : RGB image saved: /home/alveslab/motion_thermal/thermal_data/new_2025_06_18/RGB/rgb_20250618_124747.jpg  
SAVE 2025/06/18 12:47:47 : RGB image saved: /home/alveslab/motion_thermal/thermal_data/new_2025_06_18/RGB/rgb_20250618_124747.jpg  
SAVE 2025/06/18 12:47:48 : RGB image saved: /home/alveslab/motion_thermal/thermal_data/new_2025_06_18/RGB/rgb_20250618_124748.jpg  
INFO 2025/06/18 12:47:48 : Max temp at image center: 24.26°C  
SAVE 2025/06/18 12:47:48 : RGB image saved: /home/alveslab/motion_thermal/thermal_data/new_2025_06_18/RGB/rgb_20250618_124748.jpg  
SAVE 2025/06/18 12:47:48 : RGB image saved: /home/alveslab/motion_thermal/thermal_data/new_2025_06_18/RGB/rgb_20250618_124748.jpg  
SAVE 2025/06/18 12:47:49 : RGB image saved: /home/alveslab/motion_thermal/thermal_data/new_2025_06_18/RGB/rgb_20250618_124749.jpg  
INFO 2025/06/18 12:47:49 : Max temp at image center: 24.23°C  
SAVE 2025/06/18 12:47:49 : RGB image saved: /home/alveslab/motion_thermal/thermal_data/new_2025_06_18/RGB/rgb_20250618_124749.jpg  
SAVE 2025/06/18 12:47:49 : RGB image saved: /home/alveslab/motion_thermal/thermal_data/new_2025_06_18/RGB/rgb_20250618_124749.jpg  
SAVE 2025/06/18 12:47:50 : RGB image saved: /home/alveslab/motion_thermal/thermal_data/new_2025_06_18/RGB/rgb_20250618_124750.jpg  
SAVE 2025/06/18 12:47:50 : RGB image saved: /home/alveslab/motion_thermal/thermal_data/new_2025_06_18/RGB/rgb_20250618_124750.jpg  
INFO 2025/06/18 12:47:50 : Max temp at image center: 24.19°C  
SAVE 2025/06/18 12:47:50 : RGB image saved: /home/alveslab/motion_thermal/thermal_data/new_2025_06_18/RGB/rgb_20250618_124750.jpg  
SAVE 2025/06/18 12:47:51 : RGB image saved: /home/alveslab/motion_thermal/thermal_data/new_2025_06_18/RGB/rgb_20250618_124751.jpg  
SAVE 2025/06/18 12:47:51 : RGB image saved: /home/alveslab/motion_thermal/thermal_data/new_2025_06_18/RGB/rgb_20250618_124751.jpg  
INFO 2025/06/18 12:47:51 : Max temp at image center: 24.16°C  
SAVE 2025/06/18 12:47:51 : RGB image saved: /home/alveslab/motion_thermal/thermal_data/new_2025_06_18/RGB/rgb_20250618_124751.jpg  
SAVE 2025/06/18 12:47:52 : RGB image saved: /home/alveslab/motion_thermal/thermal_data/new_2025_06_18/RGB/rgb_20250618_124752.jpg  
SAVE 2025/06/18 12:47:52 : RGB image saved: /home/alveslab/motion_thermal/thermal_data/new_2025_06_18/RGB/rgb_20250618_124752.jpg  
INFO 2025/06/18 12:47:52 : Thermal cycle completed.  
SAVE 2025/06/18 12:47:52 : RGB image saved: /home/alveslab/motion_thermal/thermal_data/new_2025_06_18/RGB/rgb_20250618_124752.jpg  
INFO 2025/06/18 12:47:52 : Motion detected — launching thermal capture script  
SAVE 2025/06/18 12:47:53 : RGB image saved: /home/alveslab/motion_thermal/thermal_data/new_2025_06_18/RGB/rgb_20250618_124753.jpg  
INFO 2025/06/18 12:47:53 : Created directory: /home/alveslab/motion_thermal/thermal_data/new_2025_06_18  
SAVE 2025/06/18 12:47:53 : RGB image saved: /home/alveslab/motion_thermal/thermal_data/new_2025_06_18/RGB/rgb_20250618_124753.jpg  
INFO 2025/06/18 12:47:53 : Thermal camera started  
SAVE 2025/06/18 12:47:53 : RGB image saved: /home/alveslab/motion_thermal/thermal_data/new_2025_06_18/RGB/rgb_20250618_124753.jpg  
INFO 2025/06/18 12:47:54 : Max temp at image center: 24.14°C  
SAVE 2025/06/18 12:47:54 : RGB image saved: /home/alveslab/motion_thermal/thermal_data/new_2025_06_18/RGB/rgb_20250618_124754.jpg  
SAVE 2025/06/18 12:47:54 : RGB image saved: /home/alveslab/motion_thermal/thermal_data/new_2025_06_18/RGB/rgb_20250618_124754.jpg  
SAVE 2025/06/18 12:47:54 : RGB image saved: /home/alveslab/motion_thermal/thermal_data/new_2025_06_18/RGB/rgb_20250618_124754.jpg  
SAVE 2025/06/18 12:47:55 : RGB image saved: /home/alveslab/motion_thermal/thermal_data/new_2025_06_18/RGB/rgb_20250618_124755.jpg  
SAVE 2025/06/18 12:47:55 : RGB image saved: /home/alveslab/motion_thermal/thermal_data/new_2025_06_18/RGB/rgb_20250618_124755.jpg  
INFO 2025/06/18 12:47:55 : Max temp at image center: 24.44°C  
SAVE 2025/06/18 12:47:55 : RGB image saved: /home/alveslab/motion_thermal/thermal_data/new_2025_06_18/RGB/rgb_20250618_124755.jpg  
SAVE 2025/06/18 12:47:56 : RGB image saved: /home/alveslab/motion_thermal/thermal_data/new_2025_06_18/RGB/rgb_20250618_124756.jpg  
SAVE 2025/06/18 12:47:56 : RGB image saved: /home/alveslab/motion_thermal/thermal_data/new_2025_06_18/RGB/rgb_20250618_124756.jpg  
INFO 2025/06/18 12:47:56 : Max temp at image center: 24.77°C  
SAVE 2025/06/18 12:47:56 : RGB image saved: /home/alveslab/motion_thermal/thermal_data/new_2025_06_18/RGB/rgb_20250618_124756.jpg  
SAVE 2025/06/18 12:47:57 : RGB image saved: /home/alveslab/motion_thermal/thermal_data/new_2025_06_18/RGB/rgb_20250618_124757.jpg  
SAVE 2025/06/18 12:47:57 : RGB image saved: /home/alveslab/motion_thermal/thermal_data/new_2025_06_18/RGB/rgb_20250618_124757.jpg  
INFO 2025/06/18 12:47:57 : Max temp at image center: 25.21°C  
SAVE 2025/06/18 12:47:57 : RGB image saved: /home/alveslab/motion_thermal/thermal_data/new_2025_06_18/RGB/rgb_20250618_124757.jpg  
SAVE 2025/06/18 12:47:58 : RGB image saved: /home/alveslab/motion_thermal/thermal_data/new_2025_06_18/RGB/rgb_20250618_124758.jpg  
SAVE 2025/06/18 12:47:58 : RGB image saved: /home/alveslab/motion_thermal/thermal_data/new_2025_06_18/RGB/rgb_20250618_124758.jpg  
INFO 2025/06/18 12:47:58 : Max temp at image center: 25.29°C  
SAVE 2025/06/18 12:47:58 : RGB image saved: /home/alveslab/motion_thermal/thermal_data/new_2025_06_18/RGB/rgb_20250618_124758.jpg  
SAVE 2025/06/18 12:47:59 : RGB image saved: /home/alveslab/motion_thermal/thermal_data/new_2025_06_18/RGB/rgb_20250618_124759.jpg  
SAVE 2025/06/18 12:47:59 : RGB image saved: /home/alveslab/motion_thermal/thermal_data/new_2025_06_18/RGB/rgb_20250618_124759.jpg  
INFO 2025/06/18 12:47:59 : Max temp at image center: 25.47°C  
SAVE 2025/06/18 12:47:59 : RGB image saved: /home/alveslab/motion_thermal/thermal_data/new_2025_06_18/RGB/rgb_20250618_124759.jpg  
SAVE 2025/06/18 12:48:00 : RGB image saved: /home/alveslab/motion_thermal/thermal_data/new_2025_06_18/RGB/rgb_20250618_124800.jpg  
SAVE 2025/06/18 12:48:00 : RGB image saved: /home/alveslab/motion_thermal/thermal_data/new_2025_06_18/RGB/rgb_20250618_124800.jpg  
INFO 2025/06/18 12:48:00 : Max temp at image center: 25.42°C  
SAVE 2025/06/18 12:48:00 : RGB image saved: /home/alveslab/motion_thermal/thermal_data/new_2025_06_18/RGB/rgb_20250618_124800.jpg  
SAVE 2025/06/18 12:48:01 : RGB image saved: /home/alveslab/motion_thermal/thermal_data/new_2025_06_18/RGB/rgb_20250618_124801.jpg  
SAVE 2025/06/18 12:48:01 : RGB image saved: /home/alveslab/motion_thermal/thermal_data/new_2025_06_18/RGB/rgb_20250618_124801.jpg  
INFO 2025/06/18 12:48:01 : Max temp at image center: 25.38°C  
SAVE 2025/06/18 12:48:01 : RGB image saved: /home/alveslab/motion_thermal/thermal_data/new_2025_06_18/RGB/rgb_20250618_124801.jpg  
SAVE 2025/06/18 12:48:02 : RGB image saved: /home/alveslab/motion_thermal/thermal_data/new_2025_06_18/RGB/rgb_20250618_124802.jpg  
SAVE 2025/06/18 12:48:02 : RGB image saved: /home/alveslab/motion_thermal/thermal_data/new_2025_06_18/RGB/rgb_20250618_124802.jpg  
SAVE 2025/06/18 12:48:02 : RGB image saved: /home/alveslab/motion_thermal/thermal_data/new_2025_06_18/RGB/rgb_20250618_124802.jpg  
INFO 2025/06/18 12:48:03 : Max temp at image center: 25.33°C  
SAVE 2025/06/18 12:48:03 : RGB image saved: /home/alveslab/motion_thermal/thermal_data/new_2025_06_18/RGB/rgb_20250618_124803.jpg  
SAVE 2025/06/18 12:48:03 : RGB image saved: /home/alveslab/motion_thermal/thermal_data/new_2025_06_18/RGB/rgb_20250618_124803.jpg  
INFO 2025/06/18 12:48:04 : Thermal cycle completed.  
SAVE 2025/06/18 12:48:04 : RGB image saved: /home/alveslab/motion_thermal/thermal_data/new_2025_06_18/RGB/rgb_20250618_124804.jpg  
INFO 2025/06/18 12:48:04 : Motion detected — launching thermal capture script  
SAVE 2025/06/18 12:48:04 : RGB image saved: /home/alveslab/motion_thermal/thermal_data/new_2025_06_18/RGB/rgb_20250618_124804.jpg  
INFO 2025/06/18 12:48:04 : Motion detected — launching thermal capture script  
INFO 2025/06/18 12:48:04 : Created directory: /home/alveslab/motion_thermal/thermal_data/new_2025_06_18  
INFO 2025/06/18 12:48:04 : Thermal camera started  
SAVE 2025/06/18 12:48:04 : RGB image saved: /home/alveslab/motion_thermal/thermal_data/new_2025_06_18/RGB/rgb_20250618_124804.jpg  
INFO 2025/06/18 12:48:05 : Created directory: /home/alveslab/motion_thermal/thermal_data/new_2025_06_18  
SAVE 2025/06/18 12:48:05 : RGB image saved: /home/alveslab/motion_thermal/thermal_data/new_2025_06_18/RGB/rgb_20250618_124805.jpg  
INFO 2025/06/18 12:48:05 : Motion detected — launching thermal capture script  
INFO 2025/06/18 12:48:05 : Max temp at image center: 25.19°C  
SAVE 2025/06/18 12:48:05 : RGB image saved: /home/alveslab/motion_thermal/thermal_data/new_2025_06_18/RGB/rgb_20250618_124805.jpg  
SAVE 2025/06/18 12:48:05 : RGB image saved: /home/alveslab/motion_thermal/thermal_data/new_2025_06_18/RGB/rgb_20250618_124805.jpg  
INFO 2025/06/18 12:48:06 : Created directory: /home/alveslab/motion_thermal/thermal_data/new_2025_06_18  
SAVE 2025/06/18 12:48:06 : RGB image saved: /home/alveslab/motion_thermal/thermal_data/new_2025_06_18/RGB/rgb_20250618_124806.jpg  
INFO 2025/06/18 12:48:06 : Motion detected — launching thermal capture script  
INFO 2025/06/18 12:48:06 : Max temp at image center: 25.09°C  
SAVE 2025/06/18 12:48:06 : RGB image saved: /home/alveslab/motion_thermal/thermal_data/new_2025_06_18/RGB/rgb_20250618_124806.jpg  
INFO 2025/06/18 12:48:06 : Created directory: /home/alveslab/motion_thermal/thermal_data/new_2025_06_18  
SAVE 2025/06/18 12:48:07 : RGB image saved: /home/alveslab/motion_thermal/thermal_data/new_2025_06_18/RGB/rgb_20250618_124807.jpg  
INFO 2025/06/18 12:48:07 : Motion detected — launching thermal capture script  
SAVE 2025/06/18 12:48:07 : RGB image saved: /home/alveslab/motion_thermal/thermal_data/new_2025_06_18/RGB/rgb_20250618_124807.jpg  
INFO 2025/06/18 12:48:07 : Max temp at image center: 24.91°C  
INFO 2025/06/18 12:48:07 : Created directory: /home/alveslab/motion_thermal/thermal_data/new_2025_06_18  
SAVE 2025/06/18 12:48:07 : RGB image saved: /home/alveslab/motion_thermal/thermal_data/new_2025_06_18/RGB/rgb_20250618_124807.jpg  
INFO 2025/06/18 12:48:07 : Motion detected — launching thermal capture script  
SAVE 2025/06/18 12:48:08 : RGB image saved: /home/alveslab/motion_thermal/thermal_data/new_2025_06_18/RGB/rgb_20250618_124808.jpg  
SAVE 2025/06/18 12:48:08 : RGB image saved: /home/alveslab/motion_thermal/thermal_data/new_2025_06_18/RGB/rgb_20250618_124808.jpg  
INFO 2025/06/18 12:48:08 : Created directory: /home/alveslab/motion_thermal/thermal_data/new_2025_06_18  
INFO 2025/06/18 12:48:08 : Max temp at image center: 24.76°C  
SAVE 2025/06/18 12:48:08 : RGB image saved: /home/alveslab/motion_thermal/thermal_data/new_2025_06_18/RGB/rgb_20250618_124808.jpg  
INFO 2025/06/18 12:48:08 : Motion detected — launching thermal capture script  
SAVE 2025/06/18 12:48:09 : RGB image saved: /home/alveslab/motion_thermal/thermal_data/new_2025_06_18/RGB/rgb_20250618_124809.jpg  
INFO 2025/06/18 12:48:09 : Created directory: /home/alveslab/motion_thermal/thermal_data/new_2025_06_18  
SAVE 2025/06/18 12:48:09 : RGB image saved: /home/alveslab/motion_thermal/thermal_data/new_2025_06_18/RGB/rgb_20250618_124809.jpg  
INFO 2025/06/18 12:48:09 : Motion detected — launching thermal capture script  
INFO 2025/06/18 12:48:09 : Max temp at image center: 24.67°C  
SAVE 2025/06/18 12:48:09 : RGB image saved: /home/alveslab/motion_thermal/thermal_data/new_2025_06_18/RGB/rgb_20250618_124809.jpg  
SAVE 2025/06/18 12:48:10 : RGB image saved: /home/alveslab/motion_thermal/thermal_data/new_2025_06_18/RGB/rgb_20250618_124810.jpg  
INFO 2025/06/18 12:48:10 : Created directory: /home/alveslab/motion_thermal/thermal_data/new_2025_06_18  
SAVE 2025/06/18 12:48:10 : RGB image saved: /home/alveslab/motion_thermal/thermal_data/new_2025_06_18/RGB/rgb_20250618_124810.jpg  
INFO 2025/06/18 12:48:10 : Motion detected — launching thermal capture script  
INFO 2025/06/18 12:48:10 : Max temp at image center: 24.63°C  
INFO 2025/06/18 12:48:11 : Created directory: /home/alveslab/motion_thermal/thermal_data/new_2025_06_18  
INFO 2025/06/18 12:48:11 : Max temp at image center: 24.64°C  
INFO 2025/06/18 12:48:12 : Max temp at image center: 24.54°C  
INFO 2025/06/18 12:48:13 : Max temp at image center: 24.49°C  
INFO 2025/06/18 12:48:14 : Thermal cycle completed.  
INFO 2025/06/18 12:49:06 : RGB-trigger program completed.  
